#
# There is insufficient memory for the Java Runtime Environment to continue.
# Native memory allocation (mmap) failed to map 3145728 bytes for G1 virtual space
# Possible reasons:
#   The system is out of physical RAM or swap space
#   The process is running with CompressedOops enabled, and the Java Heap may be blocking the growth of the native heap
# Possible solutions:
#   Reduce memory load on the system
#   Increase physical memory or swap space
#   Check if swap backing store is full
#   Decrease Java heap size (-Xmx/-Xms)
#   Decrease number of Java threads
#   Decrease Java thread stack sizes (-Xss)
#   Set larger code cache with -XX:ReservedCodeCacheSize=
#   JVM is running with Zero Based Compressed Oops mode in which the Java heap is
#     placed in the first 32GB address space. The Java Heap base address is the
#     maximum limit for the native heap growth. Please use -XX:HeapBaseMinAddress
#     to set the Java Heap base and to place the Java Heap above 32GB virtual address.
# This output file may be truncated or incomplete.
#
#  Out of Memory Error (os_windows.cpp:3532), pid=28320, tid=45156
#
# JRE version:  (17.0.2+8) (build )
# Java VM: Java HotSpot(TM) 64-Bit Server VM (17.0.2+8-LTS-86, mixed mode, sharing, tiered, compressed oops, compressed class ptrs, g1 gc, windows-amd64)
# No core dump will be written. Minidumps are not enabled by default on client versions of Windows
#

---------------  S U M M A R Y ------------

Command Line: -Dfile.encoding=UTF-8 --module-path=G:\Electricity Billing System\build\classes electricity.billing.system.Customer

Host: Intel(R) Core(TM) i3-8145U CPU @ 2.10GHz, 4 cores, 11G,  Windows 11 , 64 bit Build 22621 (10.0.22621.3527)
Time: Sat Jul  6 13:02:49 2024 India Standard Time elapsed time: 0.127082 seconds (0d 0h 0m 0s)

---------------  T H R E A D  ---------------

Current thread (0x000001edc5c9f450):  JavaThread "Unknown thread" [_thread_in_vm, id=45156, stack(0x000000aed1900000,0x000000aed1a00000)]

Stack: [0x000000aed1900000,0x000000aed1a00000]
Native frames: (J=compiled Java code, j=interpreted, Vv=VM code, C=native code)
V  [jvm.dll+0x670baa]
V  [jvm.dll+0x7cfcb4]
V  [jvm.dll+0x7d145e]
V  [jvm.dll+0x7d1ac3]
V  [jvm.dll+0x242bc5]
V  [jvm.dll+0x66dac9]
V  [jvm.dll+0x662412]
V  [jvm.dll+0x300c0b]
V  [jvm.dll+0x3081a6]
V  [jvm.dll+0x357d38]
V  [jvm.dll+0x357f3f]
V  [jvm.dll+0x2d7ec8]
V  [jvm.dll+0x2d8e34]
V  [jvm.dll+0x7a18c1]
V  [jvm.dll+0x365a91]
V  [jvm.dll+0x780d2c]
V  [jvm.dll+0x3e845f]
V  [jvm.dll+0x3e9f01]
C  [jli.dll+0x527b]
C  [ucrtbase.dll+0x29333]
C  [KERNEL32.DLL+0x1257d]
C  [ntdll.dll+0x5aa48]


---------------  P R O C E S S  ---------------

Threads class SMR info:
_java_thread_list=0x00007ff885c39858, length=0, elements={
}

Java Threads: ( => current thread )

Other Threads:
  0x000001edc5ce3c40 GCTaskThread "GC Thread#0" [stack: 0x000000aed1a00000,0x000000aed1b00000] [id=47916]
  0x000001edc5cf08c0 ConcurrentGCThread "G1 Main Marker" [stack: 0x000000aed1b00000,0x000000aed1c00000] [id=50064]
  0x000001edc5cf1970 ConcurrentGCThread "G1 Conc#0" [stack: 0x000000aed1c00000,0x000000aed1d00000] [id=35436]

[error occurred during error reporting (printing all threads), id 0xc0000005, EXCEPTION_ACCESS_VIOLATION (0xc0000005) at pc=0x00007ff8854888a7]

VM state: not at safepoint (not fully initialized)

VM Mutex/Monitor currently owned by a thread:  ([mutex/lock_event])
[0x000001edc5c9b1c0] Heap_lock - owner thread: 0x000001edc5c9f450

Heap address: 0x0000000741c00000, size: 3044 MB, Compressed Oops mode: Zero based, Oop shift amount: 3

CDS archive(s) mapped at: [0x0000000000000000-0x0000000000000000-0x0000000000000000), size 0, SharedBaseAddress: 0x0000000800000000, ArchiveRelocationMode: 0.
Narrow klass base: 0x0000000000000000, Narrow klass shift: 0, Narrow klass range: 0x0

GC Precious Log:
<Empty>

Heap:
 garbage-first heap   total 0K, used 0K [0x0000000741c00000, 0x0000000800000000)
  region size 2048K, 0 young (0K), 0 survivors (0K)

[error occurred during error reporting (printing heap information), id 0xc0000005, EXCEPTION_ACCESS_VIOLATION (0xc0000005) at pc=0x00007ff885869f19]

GC Heap History (0 events):
No events

Deoptimization events (0 events):
No events

Classes unloaded (0 events):
No events

Classes redefined (0 events):
No events

Internal exceptions (0 events):
No events

VM Operations (0 events):
No events

Events (1 events):
Event: 0.009 Loaded shared library C:\Program Files\Java\jdk-17.0.2\bin\java.dll


Dynamic libraries:
0x00007ff718410000 - 0x00007ff718420000 	C:\Program Files\Java\jdk-17.0.2\bin\java.exe
0x00007ff8c5530000 - 0x00007ff8c5747000 	C:\WINDOWS\SYSTEM32\ntdll.dll
0x00007ff8c4c00000 - 0x00007ff8c4cc4000 	C:\WINDOWS\System32\KERNEL32.DLL
0x00007ff8c2aa0000 - 0x00007ff8c2e47000 	C:\WINDOWS\System32\KERNELBASE.dll
0x00007ff8c2e80000 - 0x00007ff8c2f91000 	C:\WINDOWS\System32\ucrtbase.dll
0x00007ff8ae860000 - 0x00007ff8ae87a000 	C:\Program Files\Java\jdk-17.0.2\bin\VCRUNTIME140.dll
0x00007ff89b660000 - 0x00007ff89b678000 	C:\Program Files\Java\jdk-17.0.2\bin\jli.dll
0x00007ff8c4280000 - 0x00007ff8c4332000 	C:\WINDOWS\System32\ADVAPI32.dll
0x00007ff8c41d0000 - 0x00007ff8c4277000 	C:\WINDOWS\System32\msvcrt.dll
0x00007ff8c5380000 - 0x00007ff8c5428000 	C:\WINDOWS\System32\sechost.dll
0x00007ff8c31b0000 - 0x00007ff8c31d8000 	C:\WINDOWS\System32\bcrypt.dll
0x00007ff8c4920000 - 0x00007ff8c4a35000 	C:\WINDOWS\System32\RPCRT4.dll
0x00007ff8c45c0000 - 0x00007ff8c476e000 	C:\WINDOWS\System32\USER32.dll
0x00007ff8c2e50000 - 0x00007ff8c2e76000 	C:\WINDOWS\System32\win32u.dll
0x00007ff8c48f0000 - 0x00007ff8c4919000 	C:\WINDOWS\System32\GDI32.dll
0x00007ff8b13e0000 - 0x00007ff8b1673000 	C:\WINDOWS\WinSxS\amd64_microsoft.windows.common-controls_6595b64144ccf1df_6.0.22621.3527_none_270e469b73872a76\COMCTL32.dll
0x00007ff8c2910000 - 0x00007ff8c2a29000 	C:\WINDOWS\System32\gdi32full.dll
0x00007ff8c3110000 - 0x00007ff8c31aa000 	C:\WINDOWS\System32\msvcp_win.dll
0x00007ff8bc200000 - 0x00007ff8bc20a000 	C:\WINDOWS\SYSTEM32\VERSION.dll
0x00007ff8c54b0000 - 0x00007ff8c54e1000 	C:\WINDOWS\System32\IMM32.DLL
0x00007ff8ba370000 - 0x00007ff8ba37c000 	C:\Program Files\Java\jdk-17.0.2\bin\vcruntime140_1.dll
0x00007ff8a8520000 - 0x00007ff8a85ad000 	C:\Program Files\Java\jdk-17.0.2\bin\msvcp140.dll
0x00007ff8851a0000 - 0x00007ff885d61000 	C:\Program Files\Java\jdk-17.0.2\bin\server\jvm.dll
0x00007ff8c4500000 - 0x00007ff8c4508000 	C:\WINDOWS\System32\PSAPI.DLL
0x00007ff8b53a0000 - 0x00007ff8b53a9000 	C:\WINDOWS\SYSTEM32\WSOCK32.dll
0x00007ff8c5430000 - 0x00007ff8c54a1000 	C:\WINDOWS\System32\WS2_32.dll
0x00007ff8bcb90000 - 0x00007ff8bcbc4000 	C:\WINDOWS\SYSTEM32\WINMM.dll
0x00007ff8c1830000 - 0x00007ff8c1848000 	C:\WINDOWS\SYSTEM32\kernel.appcore.dll
0x00007ff8b51b0000 - 0x00007ff8b51ba000 	C:\Program Files\Java\jdk-17.0.2\bin\jimage.dll
0x00007ff8c0120000 - 0x00007ff8c0352000 	C:\WINDOWS\SYSTEM32\DBGHELP.DLL
0x00007ff8c4ff0000 - 0x00007ff8c5378000 	C:\WINDOWS\System32\combase.dll
0x00007ff8c32b0000 - 0x00007ff8c3387000 	C:\WINDOWS\System32\OLEAUT32.dll
0x00007ff8bb130000 - 0x00007ff8bb162000 	C:\WINDOWS\SYSTEM32\dbgcore.DLL
0x00007ff8c31e0000 - 0x00007ff8c3259000 	C:\WINDOWS\System32\bcryptPrimitives.dll
0x00007ff8ae7f0000 - 0x00007ff8ae815000 	C:\Program Files\Java\jdk-17.0.2\bin\java.dll

dbghelp: loaded successfully - version: 4.0.5 - missing functions: none
symbol engine: initialized successfully - sym options: 0x614 - pdb path: .;C:\Program Files\Java\jdk-17.0.2\bin;C:\WINDOWS\SYSTEM32;C:\WINDOWS\WinSxS\amd64_microsoft.windows.common-controls_6595b64144ccf1df_6.0.22621.3527_none_270e469b73872a76;C:\Program Files\Java\jdk-17.0.2\bin\server

VM Arguments:
jvm_args: -Dfile.encoding=UTF-8 --module-path=G:\Electricity Billing System\build\classes 
java_command: electricity.billing.system.Customer
java_class_path (initial): C:\Users\LENOVO\Downloads\mysql-connector-java-8.0.28.jar;G:\Electricity Billing System\build\classes
Launcher Type: SUN_STANDARD

[Global flags]
     intx CICompilerCount                          = 3                                         {product} {ergonomic}
     uint ConcGCThreads                            = 1                                         {product} {ergonomic}
     uint G1ConcRefinementThreads                  = 4                                         {product} {ergonomic}
   size_t G1HeapRegionSize                         = 2097152                                   {product} {ergonomic}
    uintx GCDrainStackTargetSize                   = 64                                        {product} {ergonomic}
   size_t InitialHeapSize                          = 201326592                                 {product} {ergonomic}
   size_t MarkStackSize                            = 4194304                                   {product} {ergonomic}
   size_t MaxHeapSize                              = 3191865344                                {product} {ergonomic}
   size_t MinHeapDeltaBytes                        = 2097152                                   {product} {ergonomic}
   size_t MinHeapSize                              = 8388608                                   {product} {ergonomic}
    uintx NonNMethodCodeHeapSize                   = 5832780                                {pd product} {ergonomic}
    uintx NonProfiledCodeHeapSize                  = 122912730                              {pd product} {ergonomic}
    uintx ProfiledCodeHeapSize                     = 122912730                              {pd product} {ergonomic}
    uintx ReservedCodeCacheSize                    = 251658240                              {pd product} {ergonomic}
     bool SegmentedCodeCache                       = true                                      {product} {ergonomic}
   size_t SoftMaxHeapSize                          = 3191865344                             {manageable} {ergonomic}
     bool UseCompressedClassPointers               = true                           {product lp64_product} {ergonomic}
     bool UseCompressedOops                        = true                           {product lp64_product} {ergonomic}
     bool UseG1GC                                  = true                                      {product} {ergonomic}
     bool UseLargePagesIndividualAllocation        = false                                  {pd product} {ergonomic}

Logging:
Log output configuration:
 #0: stdout all=warning uptime,level,tags
 #1: stderr all=off uptime,level,tags

Environment Variables:
PATH=C:\Program Files (x86)\VMware\VMware Player\bin\;C:\Python311\Scripts\;C:\Python311\;C:\WINDOWS\system32;C:\WINDOWS;C:\WINDOWS\System32\Wbem;C:\WINDOWS\System32\WindowsPowerShell\v1.0\;C:\WINDOWS\System32\OpenSSH\;C:\ProgramData\chocolatey\bin;C:\Program Files\Java\jdk-17.0.2\bin;C:\Program Files\nodejs\;C:\Program Files\Docker\Docker\resources\bin;C:\Program Files\Git\cmd;C:\Program Files\Go\bin;C:\Program Files\MySQL\MySQL Shell 8.0\bin\;C:\Users\LENOVO\AppData\Local\Microsoft\WindowsApps;C:\Users\LENOVO\AppData\Local\Programs\Microsoft VS Code\bin;C:\Program Files\IBM\Cloud\bin;C:\Tools;C:\Users\LENOVO\AppData\Roaming\npm;C:\Users\LENOVO\AppData\Local\GitHubDesktop\bin;C:\Users\LENOVO\go\bin;C:\PATH_programs;
USERNAME=LENOVO
OS=Windows_NT
PROCESSOR_IDENTIFIER=Intel64 Family 6 Model 142 Stepping 11, GenuineIntel



---------------  S Y S T E M  ---------------

OS:
 Windows 11 , 64 bit Build 22621 (10.0.22621.3527)
OS uptime: 50 days 11:56 hours
Hyper-V role detected

CPU: total 4 (initial active 4) (2 cores per cpu, 2 threads per core) family 6 model 142 stepping 11 microcode 0xea, cx8, cmov, fxsr, ht, mmx, 3dnowpref, sse, sse2, sse3, ssse3, sse4.1, sse4.2, popcnt, lzcnt, tsc, tscinvbit, avx, avx2, aes, erms, clmul, bmi1, bmi2, adx, fma, vzeroupper, clflush, clflushopt, hv

Memory: 4k page, system-wide physical 12168M (840M free)
TotalPageFile size 42571M (AvailPageFile size 6M)
current process WorkingSet (physical memory assigned to process): 11M, peak: 11M
current process commit charge ("private bytes"): 247M, peak: 250M

vm_info: Java HotSpot(TM) 64-Bit Server VM (17.0.2+8-LTS-86) for windows-amd64 JRE (17.0.2+8-LTS-86), built on Dec  7 2021 21:51:03 by "mach5one" with MS VC++ 16.8 / 16.9 (VS2019)

END.
